Сборка начата 17.04.2024 17:26:06.
Уровень детализации журнала: Normal.     1>Проект "C:\Users\user\Desktop\КПО\laba7\SE_lab07\SE_lab07\SE_lab07.vcxproj" в узле 2 (целевые объекты Build).
     1>PrepareForBuild:
         Структурированный вывод включен. Форматирование диагностики компилятора будет отражать иерархию ошибок. Подробнее см. https://aka.ms/cpp/structured-output.
       InitializeBuildStatus:
         Обращение к "x64\Debug\SE_lab07.tlog\unsuccessfulbuild".
       ClCompile:
         C:\Program Files\Microsoft Visual Studio\2022\Community\VC\Tools\MSVC\14.38.33130\bin\HostX64\x64\CL.exe /c /ZI /JMC /nologo /W3 /WX- /diagnostics:column /sdl /Od /D _DEBUG /D _CONSOLE /D _UNICODE /D UNICODE /Gm- /EHsc /RTC1 /MDd /GS /fp:precise /Zc:wchar_t /Zc:forScope /Zc:inline /permissive- /Fo"x64\Debug\\" /Fd"x64\Debug\vc143.pdb" /external:W3 /Gd /TP /FC /errorReport:prompt SE_lab07.cpp
         SE_lab07.cpp
       Link:
         C:\Program Files\Microsoft Visual Studio\2022\Community\VC\Tools\MSVC\14.38.33130\bin\HostX64\x64\link.exe /ERRORREPORT:PROMPT /OUT:"C:\Users\user\Desktop\КПО\laba7\SE_lab07\x64\Debug\SE_lab07.exe" /INCREMENTAL /ILK:"x64\Debug\SE_lab07.ilk" /NOLOGO kernel32.lib user32.lib gdi32.lib winspool.lib comdlg32.lib advapi32.lib shell32.lib ole32.lib oleaut32.lib uuid.lib odbc32.lib odbccp32.lib /MANIFEST /MANIFESTUAC:"level='asInvoker' uiAccess='false'" /manifest:embed /DEBUG /PDB:"C:\Users\user\Desktop\КПО\laba7\SE_lab07\x64\Debug\SE_lab07.pdb" /SUBSYSTEM:CONSOLE /TLBID:1 /DYNAMICBASE /NXCOMPAT /IMPLIB:"C:\Users\user\Desktop\КПО\laba7\SE_lab07\x64\Debug\SE_lab07.lib" /MACHINE:X64 x64\Debug\Call.obj
         x64\Debug\SE_lab07.obj
         SE_lab07.vcxproj -> C:\Users\user\Desktop\КПО\laba7\SE_lab07\x64\Debug\SE_lab07.exe
       FinalizeBuildStatus:
         Файл "x64\Debug\SE_lab07.tlog\unsuccessfulbuild" удаляется.
         Обращение к "x64\Debug\SE_lab07.tlog\SE_lab07.lastbuildstate".
     1>Сборка проекта "C:\Users\user\Desktop\КПО\laba7\SE_lab07\SE_lab07\SE_lab07.vcxproj" завершена (целевые объекты Build).

Сборка успешно завершена.
    Предупреждений: 0
    Ошибок: 0

Прошло времени 00:00:00.72
