  Error.cpp
  In.cpp
E:\study\kpo\lab17\SELab_17\Error.h(17,9): warning C4005: ERROR_ENTRY_NODEF100: изменение макроопределения
  (компиляция исходного файла "Error.cpp")
      E:\study\kpo\lab17\SELab_17\Error.h(15,9):
      см. предыдущее определение "ERROR_ENTRY_NODEF100"
  
E:\study\kpo\lab17\SELab_17\Error.h(17,9): warning C4005: ERROR_ENTRY_NODEF100: изменение макроопределения
  (компиляция исходного файла "In.cpp")
      E:\study\kpo\lab17\SELab_17\Error.h(15,9):
      см. предыдущее определение "ERROR_ENTRY_NODEF100"
  
E:\study\kpo\lab17\SELab_17\In.cpp(77,30): warning C4267: =: преобразование из "size_t" в "int"; возможна потеря данных
  IT.cpp
E:\study\kpo\lab17\SELab_17\Error.h(17,9): warning C4005: ERROR_ENTRY_NODEF100: изменение макроопределения
  (компиляция исходного файла "IT.cpp")
      E:\study\kpo\lab17\SELab_17\Error.h(15,9):
      см. предыдущее определение "ERROR_ENTRY_NODEF100"
  
  Lexer.cpp
E:\study\kpo\lab17\SELab_17\Error.h(17,9): warning C4005: ERROR_ENTRY_NODEF100: изменение макроопределения
  (компиляция исходного файла "Lexer.cpp")
      E:\study\kpo\lab17\SELab_17\Error.h(15,9):
      см. предыдущее определение "ERROR_ENTRY_NODEF100"
  
E:\study\kpo\lab17\SELab_17\Lexer.cpp(58,63): warning C4838: Преобразование из "unsigned int" в "int" требует сужающего преобразования.
E:\study\kpo\lab17\SELab_17\Lexer.cpp(197,21): warning C4002: слишком много аргументов для вызова макроса, подобного функции, "ERROR_THROW"
E:\study\kpo\lab17\SELab_17\Lexer.cpp(199,54): warning C4838: Преобразование из "unsigned int" в "int" требует сужающего преобразования.
  Log.cpp
E:\study\kpo\lab17\SELab_17\Error.h(17,9): warning C4005: ERROR_ENTRY_NODEF100: изменение макроопределения
  (компиляция исходного файла "Log.cpp")
      E:\study\kpo\lab17\SELab_17\Error.h(15,9):
      см. предыдущее определение "ERROR_ENTRY_NODEF100"
  
  LT.cpp
E:\study\kpo\lab17\SELab_17\Error.h(17,9): warning C4005: ERROR_ENTRY_NODEF100: изменение макроопределения
  (компиляция исходного файла "LT.cpp")
      E:\study\kpo\lab17\SELab_17\Error.h(15,9):
      см. предыдущее определение "ERROR_ENTRY_NODEF100"
  
  main.cpp
E:\study\kpo\lab17\SELab_17\Error.h(17,9): warning C4005: ERROR_ENTRY_NODEF100: изменение макроопределения
  (компиляция исходного файла "main.cpp")
      E:\study\kpo\lab17\SELab_17\Error.h(15,9):
      см. предыдущее определение "ERROR_ENTRY_NODEF100"
  
  Parm.cpp
E:\study\kpo\lab17\SELab_17\Error.h(17,9): warning C4005: ERROR_ENTRY_NODEF100: изменение макроопределения
  (компиляция исходного файла "Parm.cpp")
      E:\study\kpo\lab17\SELab_17\Error.h(15,9):
      см. предыдущее определение "ERROR_ENTRY_NODEF100"
  
  Создание кода...
  SELab_17.vcxproj -> E:\study\kpo\lab17\x64\Debug\SELab_17.exe
