Сборка начата 07.05.2024 10:31:15.
Уровень детализации журнала: Normal.     1>Проект "C:\Users\user\Desktop\КПО\laba9\SE_Lab09\SE_Lab09\SE_Lab09.vcxproj" в узле 2 (целевые объекты Build).
     1>PrepareForBuild:
         Структурированный вывод включен. Форматирование диагностики компилятора будет отражать иерархию ошибок. Подробнее см. https://aka.ms/cpp/structured-output.
       InitializeBuildStatus:
         Обращение к "x64\Debug\SE_Lab09.tlog\unsuccessfulbuild".
       ClCompile:
         C:\Program Files\Microsoft Visual Studio\2022\Community\VC\Tools\MSVC\14.38.33130\bin\HostX64\x64\CL.exe /c /ZI /JMC /nologo /W3 /WX- /diagnostics:column /sdl /Od /D _DEBUG /D _CONSOLE /D _UNICODE /D UNICODE /Gm- /EHsc /RTC1 /MDd /GS /fp:precise /Zc:wchar_t /Zc:forScope /Zc:inline /permissive- /Fo"x64\Debug\\" /Fd"x64\Debug\vc143.pdb" /external:W3 /Gd /TP /FC /errorReport:prompt labla9.cpp
         labla9.cpp
     1>C:\Users\user\Desktop\КПО\laba9\SE_Lab09\SE_Lab09\labla9.cpp(6,13): warning C4326: возвращаемый тип "main" должен быть "int", а не "void"
     1>C:\Users\user\Desktop\КПО\laba9\SE_Lab09\SE_Lab09\labla9.cpp(33,27): warning C4305: аргумент: усечение из "double" в "float"
     1>C:\Users\user\Desktop\КПО\laba9\SE_Lab09\SE_Lab09\labla9.cpp(34,27): warning C4305: аргумент: усечение из "double" в "float"
     1>C:\Users\user\Desktop\КПО\laba9\SE_Lab09\SE_Lab09\labla9.cpp(35,27): warning C4305: аргумент: усечение из "double" в "float"
       Link:
         C:\Program Files\Microsoft Visual Studio\2022\Community\VC\Tools\MSVC\14.38.33130\bin\HostX64\x64\link.exe /ERRORREPORT:PROMPT /OUT:"C:\Users\user\Desktop\КПО\laba9\SE_Lab09\x64\Debug\SE_Lab09.exe" /INCREMENTAL /ILK:"x64\Debug\SE_Lab09.ilk" /NOLOGO kernel32.lib user32.lib gdi32.lib winspool.lib comdlg32.lib advapi32.lib shell32.lib ole32.lib oleaut32.lib uuid.lib odbc32.lib odbccp32.lib /MANIFEST /MANIFESTUAC:"level='asInvoker' uiAccess='false'" /manifest:embed /DEBUG /PDB:"C:\Users\user\Desktop\КПО\laba9\SE_Lab09\x64\Debug\SE_Lab09.pdb" /SUBSYSTEM:CONSOLE /TLBID:1 /DYNAMICBASE /NXCOMPAT /IMPLIB:"C:\Users\user\Desktop\КПО\laba9\SE_Lab09\x64\Debug\SE_Lab09.lib" /MACHINE:X64 x64\Debug\labla9.obj
         x64\Debug\Verparm.obj
         SE_Lab09.vcxproj -> C:\Users\user\Desktop\КПО\laba9\SE_Lab09\x64\Debug\SE_Lab09.exe
       FinalizeBuildStatus:
         Файл "x64\Debug\SE_Lab09.tlog\unsuccessfulbuild" удаляется.
         Обращение к "x64\Debug\SE_Lab09.tlog\SE_Lab09.lastbuildstate".
     1>Сборка проекта "C:\Users\user\Desktop\КПО\laba9\SE_Lab09\SE_Lab09\SE_Lab09.vcxproj" завершена (целевые объекты Build).

Сборка успешно завершена.

       "C:\Users\user\Desktop\КПО\laba9\SE_Lab09\SE_Lab09\SE_Lab09.vcxproj" (целевой объект Build ) (1) ->
       (Целевой объект ClCompile) -> 
         C:\Users\user\Desktop\КПО\laba9\SE_Lab09\SE_Lab09\labla9.cpp(6,13): warning C4326: возвращаемый тип "main" должен быть "int", а не "void"
         C:\Users\user\Desktop\КПО\laba9\SE_Lab09\SE_Lab09\labla9.cpp(33,27): warning C4305: аргумент: усечение из "double" в "float"
         C:\Users\user\Desktop\КПО\laba9\SE_Lab09\SE_Lab09\labla9.cpp(34,27): warning C4305: аргумент: усечение из "double" в "float"
         C:\Users\user\Desktop\КПО\laba9\SE_Lab09\SE_Lab09\labla9.cpp(35,27): warning C4305: аргумент: усечение из "double" в "float"

    Предупреждений: 4
    Ошибок: 0

Прошло времени 00:00:00.75
